[2023-08-08 11:58:56] Executing bootstrap tasks
[2023-08-08 11:58:56] OpenJDK Runtime Environment 17.0.7+7
[2023-08-08 11:58:56] Product org.eclipse.products.epp.package.jee.2023-06
[2023-08-08 11:58:56] Bundle org.eclipse.oomph.setup 1.26.0.v20230416-0656, build=5945, branch=c5558820f367665758d4d719b7553a02ff4954e0
[2023-08-08 11:58:56] Bundle org.eclipse.oomph.setup.core 1.27.0.v20230402-0730, build=5945, branch=c5558820f367665758d4d719b7553a02ff4954e0
[2023-08-08 11:58:56] Bundle org.eclipse.oomph.setup.p2 1.19.0.v20230416-1150, build=5945, branch=c5558820f367665758d4d719b7553a02ff4954e0
[2023-08-08 11:58:56] Performing P2 Director (Eclipse IDE for Enterprise Java and Web Developers (2023-06))
[2023-08-08 11:58:56] Offline = false
[2023-08-08 11:58:56] Mirrors = true
[2023-08-08 11:58:56] Resolving 92 requirements from 3 repositories to C:\Users\HP\eclipse\jee-2023-06\eclipse
[2023-08-08 11:58:56] Requirement org.eclipse.equinox.p2.iu:epp.package.jee [4.28.0,5.0.0) (filter=(|(&(osgi.arch=aarch64)(osgi.os=linux)(osgi.ws=gtk))(&(osgi.arch=aarch64)(osgi.os=macosx)(osgi.ws=cocoa))(&(osgi.arch=x86_64)(osgi.os=linux)(osgi.ws=gtk))(&(osgi.arch=x86_64)(osgi.os=macosx)(osgi.ws=cocoa))(&(osgi.arch=x86_64)(osgi.os=win32)(osgi.ws=win32))))
[2023-08-08 11:58:56] Requirement org.eclipse.equinox.p2.iu:org.eclipse.platform.feature.group [4.28.0,5.0.0)
[2023-08-08 11:58:56] Requirement org.eclipse.equinox.p2.iu:org.eclipse.rcp.feature.group [4.28.0,5.0.0)
[2023-08-08 11:58:56] Requirement org.eclipse.equinox.p2.iu:org.eclipse.buildship.feature.group
[2023-08-08 11:58:56] Requirement org.eclipse.equinox.p2.iu:org.eclipse.datatools.common.doc.user.feature.group
[2023-08-08 11:58:56] Requirement org.eclipse.equinox.p2.iu:org.eclipse.datatools.connectivity.doc.user.feature.group
[2023-08-08 11:58:56] Requirement org.eclipse.equinox.p2.iu:org.eclipse.datatools.connectivity.feature.feature.group
[2023-08-08 11:58:56] Requirement org.eclipse.equinox.p2.iu:org.eclipse.datatools.connectivity.oda.designer.core.feature.feature.group
[2023-08-08 11:58:56] Requirement org.eclipse.equinox.p2.iu:org.eclipse.datatools.connectivity.oda.designer.feature.feature.group
[2023-08-08 11:58:56] Requirement org.eclipse.equinox.p2.iu:org.eclipse.datatools.connectivity.oda.feature.feature.group
[2023-08-08 11:58:56] Requirement org.eclipse.equinox.p2.iu:org.eclipse.datatools.doc.user.feature.group
[2023-08-08 11:58:56] Requirement org.eclipse.equinox.p2.iu:org.eclipse.datatools.enablement.apache.derby.feature.feature.group
[2023-08-08 11:58:56] Requirement org.eclipse.equinox.p2.iu:org.eclipse.datatools.enablement.feature.feature.group
[2023-08-08 11:58:56] Requirement org.eclipse.equinox.p2.iu:org.eclipse.datatools.enablement.hsqldb.feature.feature.group
[2023-08-08 11:58:56] Requirement org.eclipse.equinox.p2.iu:org.eclipse.datatools.enablement.ibm.feature.feature.group
[2023-08-08 11:58:56] Requirement org.eclipse.equinox.p2.iu:org.eclipse.datatools.enablement.ingres.feature.feature.group
[2023-08-08 11:58:56] Requirement org.eclipse.equinox.p2.iu:org.eclipse.datatools.enablement.jdbc.feature.feature.group
[2023-08-08 11:58:56] Requirement org.eclipse.equinox.p2.iu:org.eclipse.datatools.enablement.jdt.feature.feature.group
[2023-08-08 11:58:56] Requirement org.eclipse.equinox.p2.iu:org.eclipse.datatools.enablement.msft.feature.feature.group
[2023-08-08 11:58:56] Requirement org.eclipse.equinox.p2.iu:org.eclipse.datatools.enablement.mysql.feature.feature.group
[2023-08-08 11:58:56] Requirement org.eclipse.equinox.p2.iu:org.eclipse.datatools.enablement.oda.designer.feature.feature.group
[2023-08-08 11:58:56] Requirement org.eclipse.equinox.p2.iu:org.eclipse.datatools.enablement.oda.feature.feature.group
[2023-08-08 11:58:56] Requirement org.eclipse.equinox.p2.iu:org.eclipse.datatools.enablement.oracle.feature.feature.group
[2023-08-08 11:58:56] Requirement org.eclipse.equinox.p2.iu:org.eclipse.datatools.enablement.postgresql.feature.feature.group
[2023-08-08 11:58:56] Requirement org.eclipse.equinox.p2.iu:org.eclipse.datatools.enablement.sap.feature.feature.group
[2023-08-08 11:58:56] Requirement org.eclipse.equinox.p2.iu:org.eclipse.datatools.enablement.sdk.feature.feature.group
[2023-08-08 11:58:56] Requirement org.eclipse.equinox.p2.iu:org.eclipse.datatools.enablement.sqlite.feature.feature.group
[2023-08-08 11:58:56] Requirement org.eclipse.equinox.p2.iu:org.eclipse.datatools.enablement.sybase.feature.feature.group
[2023-08-08 11:58:56] Requirement org.eclipse.equinox.p2.iu:org.eclipse.datatools.intro.feature.group
[2023-08-08 11:58:56] Requirement org.eclipse.equinox.p2.iu:org.eclipse.datatools.modelbase.feature.feature.group
[2023-08-08 11:58:56] Requirement org.eclipse.equinox.p2.iu:org.eclipse.datatools.sdk.feature.feature.group
[2023-08-08 11:58:56] Requirement org.eclipse.equinox.p2.iu:org.eclipse.datatools.sqldevtools.data.feature.feature.group
[2023-08-08 11:58:56] Requirement org.eclipse.equinox.p2.iu:org.eclipse.datatools.sqldevtools.ddl.feature.feature.group
[2023-08-08 11:58:56] Requirement org.eclipse.equinox.p2.iu:org.eclipse.datatools.sqldevtools.ddlgen.feature.feature.group
[2023-08-08 11:58:56] Requirement org.eclipse.equinox.p2.iu:org.eclipse.datatools.sqldevtools.feature.feature.group
[2023-08-08 11:58:56] Requirement org.eclipse.equinox.p2.iu:org.eclipse.datatools.sqldevtools.parsers.feature.feature.group
[2023-08-08 11:58:56] Requirement org.eclipse.equinox.p2.iu:org.eclipse.datatools.sqldevtools.results.feature.feature.group
[2023-08-08 11:58:56] Requirement org.eclipse.equinox.p2.iu:org.eclipse.datatools.sqldevtools.schemaobjecteditor.feature.feature.group
[2023-08-08 11:58:56] Requirement org.eclipse.equinox.p2.iu:org.eclipse.datatools.sqldevtools.sqlbuilder.feature.feature.group
[2023-08-08 11:58:56] Requirement org.eclipse.equinox.p2.iu:org.eclipse.datatools.sqltools.doc.user.feature.group
[2023-08-08 11:58:56] Requirement org.eclipse.equinox.p2.iu:org.eclipse.eclemma.feature.feature.group
[2023-08-08 11:58:56] Requirement org.eclipse.equinox.p2.iu:org.eclipse.egit.feature.group
[2023-08-08 11:58:56] Requirement org.eclipse.equinox.p2.iu:org.eclipse.epp.mpc.feature.group
[2023-08-08 11:58:56] Requirement org.eclipse.equinox.p2.iu:org.eclipse.jdt.bcoview.feature.feature.group
[2023-08-08 11:58:56] Requirement org.eclipse.equinox.p2.iu:org.eclipse.jdt.feature.group
[2023-08-08 11:58:56] Requirement org.eclipse.equinox.p2.iu:org.eclipse.jgit.feature.group
[2023-08-08 11:58:56] Requirement org.eclipse.equinox.p2.iu:org.eclipse.jpt.common.eclipselink.feature.feature.group
[2023-08-08 11:58:56] Requirement org.eclipse.equinox.p2.iu:org.eclipse.jpt.common.feature.feature.group
[2023-08-08 11:58:56] Requirement org.eclipse.equinox.p2.iu:org.eclipse.jpt.jaxb.eclipselink.feature.feature.group
[2023-08-08 11:58:56] Requirement org.eclipse.equinox.p2.iu:org.eclipse.jpt.jaxb.feature.feature.group
[2023-08-08 11:58:56] Requirement org.eclipse.equinox.p2.iu:org.eclipse.jpt.jpa.eclipselink.feature.feature.group
[2023-08-08 11:58:56] Requirement org.eclipse.equinox.p2.iu:org.eclipse.jpt.jpa.feature.feature.group
[2023-08-08 11:58:56] Requirement org.eclipse.equinox.p2.iu:org.eclipse.jsf.feature.feature.group
[2023-08-08 11:58:56] Requirement org.eclipse.equinox.p2.iu:org.eclipse.jst.common.fproj.enablement.jdt.feature.group
[2023-08-08 11:58:56] Requirement org.eclipse.equinox.p2.iu:org.eclipse.jst.enterprise_ui.feature.feature.group
[2023-08-08 11:58:56] Requirement org.eclipse.equinox.p2.iu:org.eclipse.jst.jsf.apache.trinidad.tagsupport.feature.feature.group
[2023-08-08 11:58:56] Requirement org.eclipse.equinox.p2.iu:org.eclipse.jst.server_adapters.ext.feature.feature.group
[2023-08-08 11:58:56] Requirement org.eclipse.equinox.p2.iu:org.eclipse.jst.server_adapters.feature.feature.group
[2023-08-08 11:58:56] Requirement org.eclipse.equinox.p2.iu:org.eclipse.jst.server_ui.feature.feature.group
[2023-08-08 11:58:56] Requirement org.eclipse.equinox.p2.iu:org.eclipse.jst.web_ui.feature.feature.group
[2023-08-08 11:58:56] Requirement org.eclipse.equinox.p2.iu:org.eclipse.jst.webpageeditor.feature.feature.group
[2023-08-08 11:58:56] Requirement org.eclipse.equinox.p2.iu:org.eclipse.jst.ws.axis2tools.feature.feature.group
[2023-08-08 11:58:56] Requirement org.eclipse.equinox.p2.iu:org.eclipse.jst.ws.cxf.feature.feature.group
[2023-08-08 11:58:56] Requirement org.eclipse.equinox.p2.iu:org.eclipse.jst.ws.jaxws.dom.feature.feature.group
[2023-08-08 11:58:56] Requirement org.eclipse.equinox.p2.iu:org.eclipse.jst.ws.jaxws.feature.feature.group
[2023-08-08 11:58:56] Requirement org.eclipse.equinox.p2.iu:org.eclipse.m2e.feature.feature.group
[2023-08-08 11:58:56] Requirement org.eclipse.equinox.p2.iu:org.eclipse.m2e.lemminx.feature.feature.group
[2023-08-08 11:58:56] Requirement org.eclipse.equinox.p2.iu:org.eclipse.m2e.logback.feature.feature.group
[2023-08-08 11:58:56] Requirement org.eclipse.equinox.p2.iu:org.eclipse.m2e.pde.feature.feature.group
[2023-08-08 11:58:56] Requirement org.eclipse.equinox.p2.iu:org.eclipse.m2e.wtp.feature.feature.group
[2023-08-08 11:58:56] Requirement org.eclipse.equinox.p2.iu:org.eclipse.m2e.wtp.jaxrs.feature.feature.group
[2023-08-08 11:58:56] Requirement org.eclipse.equinox.p2.iu:org.eclipse.m2e.wtp.jpa.feature.feature.group
[2023-08-08 11:58:56] Requirement org.eclipse.equinox.p2.iu:org.eclipse.m2e.wtp.jsf.feature.feature.group
[2023-08-08 11:58:56] Requirement org.eclipse.equinox.p2.iu:org.eclipse.mylyn.commons.activity.feature.group
[2023-08-08 11:58:56] Requirement org.eclipse.equinox.p2.iu:org.eclipse.mylyn.egit.feature.feature.group
[2023-08-08 11:58:56] Requirement org.eclipse.equinox.p2.iu:org.eclipse.mylyn.git.feature.group
[2023-08-08 11:58:56] Requirement org.eclipse.equinox.p2.iu:org.eclipse.mylyn.github.feature.feature.group
[2023-08-08 11:58:56] Requirement org.eclipse.equinox.p2.iu:org.eclipse.mylyn.hudson.feature.group
[2023-08-08 11:58:56] Requirement org.eclipse.equinox.p2.iu:org.eclipse.mylyn.ide_feature.feature.group
[2023-08-08 11:58:56] Requirement org.eclipse.equinox.p2.iu:org.eclipse.mylyn.java_feature.feature.group
[2023-08-08 11:58:56] Requirement org.eclipse.equinox.p2.iu:org.eclipse.mylyn.pde_feature.feature.group
[2023-08-08 11:58:56] Requirement org.eclipse.equinox.p2.iu:org.eclipse.mylyn.reviews.feature.feature.group
[2023-08-08 11:58:56] Requirement org.eclipse.equinox.p2.iu:org.eclipse.mylyn.wikitext_feature.feature.group
[2023-08-08 11:58:56] Requirement org.eclipse.equinox.p2.iu:org.eclipse.pde.feature.group
[2023-08-08 11:58:56] Requirement org.eclipse.equinox.p2.iu:org.eclipse.tips.feature.feature.group
[2023-08-08 11:58:56] Requirement org.eclipse.equinox.p2.iu:org.eclipse.tm.terminal.feature.feature.group
[2023-08-08 11:58:56] Requirement org.eclipse.equinox.p2.iu:org.eclipse.wildwebdeveloper.embedder.node.feature.feature.group
[2023-08-08 11:58:56] Requirement org.eclipse.equinox.p2.iu:org.eclipse.wildwebdeveloper.feature.feature.group
[2023-08-08 11:58:56] Requirement org.eclipse.equinox.p2.iu:org.eclipse.wst.common.fproj.feature.group
[2023-08-08 11:58:56] Requirement org.eclipse.equinox.p2.iu:org.eclipse.wst.server_adapters.feature.feature.group
[2023-08-08 11:58:56] Requirement org.eclipse.equinox.p2.iu:org.eclipse.wst.xsl.feature.feature.group
[2023-08-08 11:58:56] Requirement org.eclipse.equinox.p2.iu:org.eclipse.oomph.setup.feature.group
[2023-08-08 11:58:56] Repository https://download.eclipse.org/technology/epp/packages/2023-06/202306081200
[2023-08-08 11:58:56] Repository https://download.eclipse.org/releases/2023-06/202306141000
[2023-08-08 11:58:56] Repository https://download.eclipse.org/oomph/updates/milestone/latest
[2023-08-08 11:58:57] ERROR: org.eclipse.equinox.p2.transport.ecf code=1006 Unknown Host: https://download.eclipse.org/oomph/updates/milestone/latest/content.xml
java.net.UnknownHostException: download.eclipse.org
  at java.base/java.net.InetAddress$CachedAddresses.get(Unknown Source)
  at java.base/java.net.InetAddress.getAllByName0(Unknown Source)
  at java.base/java.net.InetAddress.getAllByName(Unknown Source)
  at java.base/java.net.InetAddress.getAllByName(Unknown Source)
  at org.apache.hc.client5.http.SystemDefaultDnsResolver.resolve(SystemDefaultDnsResolver.java:43)
  at org.apache.hc.client5.http.impl.io.DefaultHttpClientConnectionOperator.connect(DefaultHttpClientConnectionOperator.java:118)
  at org.apache.hc.client5.http.impl.io.PoolingHttpClientConnectionManager.connect(PoolingHttpClientConnectionManager.java:396)
  at org.apache.hc.client5.http.impl.classic.InternalExecRuntime.connectEndpoint(InternalExecRuntime.java:158)
  at org.apache.hc.client5.http.impl.classic.InternalExecRuntime.connectEndpoint(InternalExecRuntime.java:168)
  at org.apache.hc.client5.http.impl.classic.ConnectExec.execute(ConnectExec.java:136)
  at org.apache.hc.client5.http.impl.classic.ExecChainElement.execute(ExecChainElement.java:51)
  at org.apache.hc.client5.http.impl.classic.ExecChainElement$1.proceed(ExecChainElement.java:57)
  at org.apache.hc.client5.http.impl.classic.ProtocolExec.execute(ProtocolExec.java:175)
  at org.apache.hc.client5.http.impl.classic.ExecChainElement.execute(ExecChainElement.java:51)
  at org.apache.hc.client5.http.impl.classic.ExecChainElement$1.proceed(ExecChainElement.java:57)
  at org.apache.hc.client5.http.impl.classic.HttpRequestRetryExec.execute(HttpRequestRetryExec.java:96)
  at org.apache.hc.client5.http.impl.classic.ExecChainElement.execute(ExecChainElement.java:51)
  at org.apache.hc.client5.http.impl.classic.ExecChainElement$1.proceed(ExecChainElement.java:57)
  at org.apache.hc.client5.http.impl.classic.ContentCompressionExec.execute(ContentCompressionExec.java:133)
  at org.apache.hc.client5.http.impl.classic.ExecChainElement.execute(ExecChainElement.java:51)
  at org.apache.hc.client5.http.impl.classic.ExecChainElement$1.proceed(ExecChainElement.java:57)
  at org.apache.hc.client5.http.impl.classic.RedirectExec.execute(RedirectExec.java:115)
  at org.apache.hc.client5.http.impl.classic.ExecChainElement.execute(ExecChainElement.java:51)
  at org.apache.hc.client5.http.impl.classic.InternalHttpClient.doExecute(InternalHttpClient.java:170)
  at org.apache.hc.client5.http.impl.classic.CloseableHttpClient.execute(CloseableHttpClient.java:75)
  at org.eclipse.ecf.provider.filetransfer.httpclient5.HttpClientFileSystemBrowser.runRequest(HttpClientFileSystemBrowser.java:251)
  at org.eclipse.ecf.provider.filetransfer.browse.AbstractFileSystemBrowser$DirectoryJob.run(AbstractFileSystemBrowser.java:71)
  at org.eclipse.core.internal.jobs.Worker.run(Worker.java:63)

[2023-08-08 11:58:57] 
